Determining if the pthread_create exist failed with the following output:
Change Dir: /home/robin/ROS_tutorial/catkin_ws/build/CMakeFiles/CMakeTmp

Run Build Command:"/usr/bin/make" "cmTC_ce48e/fast"
/usr/bin/make -f CMakeFiles/cmTC_ce48e.dir/build.make CMakeFiles/cmTC_ce48e.dir/build
make[1]: Entering directory '/home/robin/ROS_tutorial/catkin_ws/build/CMakeFiles/CMakeTmp'
Building C object CMakeFiles/cmTC_ce48e.dir/CheckSymbolExists.c.o
/usr/bin/cc     -o CMakeFiles/cmTC_ce48e.dir/CheckSymbolExists.c.o   -c /home/robin/ROS_tutorial/catkin_ws/build/CMakeFiles/CMakeTmp/CheckSymbolExists.c
Linking C executable cmTC_ce48e
/usr/bin/cmake -E cmake_link_script CMakeFiles/cmTC_ce48e.dir/link.txt --verbose=1
/usr/bin/cc       CMakeFiles/cmTC_ce48e.dir/CheckSymbolExists.c.o  -o cmTC_ce48e -rdynamic 
CMakeFiles/cmTC_ce48e.dir/CheckSymbolExists.c.o: In function `main':
CheckSymbolExists.c:(.text+0x16): undefined reference to `pthread_create'
collect2: error: ld returned 1 exit status
CMakeFiles/cmTC_ce48e.dir/build.make:97: recipe for target 'cmTC_ce48e' failed
make[1]: *** [cmTC_ce48e] Error 1
make[1]: Leaving directory '/home/robin/ROS_tutorial/catkin_ws/build/CMakeFiles/CMakeTmp'
Makefile:126: recipe for target 'cmTC_ce48e/fast' failed
make: *** [cmTC_ce48e/fast] Error 2

File /home/robin/ROS_tutorial/catkin_ws/build/CMakeFiles/CMakeTmp/CheckSymbolExists.c:
/* */
#include <pthread.h>

int main(int argc, char** argv)
{
  (void)argv;
#ifndef pthread_create
  return ((int*)(&pthread_create))[argc];
#else
  (void)argc;
  return 0;
#endif
}

Determining if the function pthread_create exists in the pthreads failed with the following output:
Change Dir: /home/robin/ROS_tutorial/catkin_ws/build/CMakeFiles/CMakeTmp

Run Build Command:"/usr/bin/make" "cmTC_859d5/fast"
/usr/bin/make -f CMakeFiles/cmTC_859d5.dir/build.make CMakeFiles/cmTC_859d5.dir/build
make[1]: Entering directory '/home/robin/ROS_tutorial/catkin_ws/build/CMakeFiles/CMakeTmp'
Building C object CMakeFiles/cmTC_859d5.dir/CheckFunctionExists.c.o
/usr/bin/cc    -DCHECK_FUNCTION_EXISTS=pthread_create   -o CMakeFiles/cmTC_859d5.dir/CheckFunctionExists.c.o   -c /usr/share/cmake-3.5/Modules/CheckFunctionExists.c
Linking C executable cmTC_859d5
/usr/bin/cmake -E cmake_link_script CMakeFiles/cmTC_859d5.dir/link.txt --verbose=1
/usr/bin/cc   -DCHECK_FUNCTION_EXISTS=pthread_create    CMakeFiles/cmTC_859d5.dir/CheckFunctionExists.c.o  -o cmTC_859d5 -rdynamic -lpthreads 
/usr/bin/ld: cannot find -lpthreads
collect2: error: ld returned 1 exit status
CMakeFiles/cmTC_859d5.dir/build.make:97: recipe for target 'cmTC_859d5' failed
make[1]: *** [cmTC_859d5] Error 1
make[1]: Leaving directory '/home/robin/ROS_tutorial/catkin_ws/build/CMakeFiles/CMakeTmp'
Makefile:126: recipe for target 'cmTC_859d5/fast' failed
make: *** [cmTC_859d5/fast] Error 2


